<?xml version="1.0" encoding="UTF-8"?>
<testsuite xmlns:xsi="http://www.w3.org/2001/XMLSchema-instance" xsi:noNamespaceSchemaLocation="https://maven.apache.org/surefire/maven-surefire-plugin/xsd/surefire-test-report-3.0.xsd" version="3.0" name="com.company.CustomTableServiceTest" time="3.896" tests="38" errors="0" skipped="0" failures="0">
  <properties>
    <property name="java.specification.version" value="20"/>
    <property name="sun.cpu.isalist" value="amd64"/>
    <property name="sun.jnu.encoding" value="Cp1252"/>
    <property name="java.class.path" value="C:\Users\Ernest\Desktop\Maven\Git_Repo\parent-project\service\target\test-classes;C:\Users\Ernest\Desktop\Maven\Git_Repo\parent-project\service\target\classes;C:\Users\Ernest\.m2\repository\org\junit\jupiter\junit-jupiter-api\5.10.0\junit-jupiter-api-5.10.0.jar;C:\Users\Ernest\.m2\repository\org\opentest4j\opentest4j\1.3.0\opentest4j-1.3.0.jar;C:\Users\Ernest\.m2\repository\org\junit\platform\junit-platform-commons\1.10.0\junit-platform-commons-1.10.0.jar;C:\Users\Ernest\.m2\repository\org\apiguardian\apiguardian-api\1.1.2\apiguardian-api-1.1.2.jar;C:\Users\Ernest\.m2\repository\org\mockito\mockito-core\5.5.0\mockito-core-5.5.0.jar;C:\Users\Ernest\.m2\repository\net\bytebuddy\byte-buddy\1.14.6\byte-buddy-1.14.6.jar;C:\Users\Ernest\.m2\repository\net\bytebuddy\byte-buddy-agent\1.14.6\byte-buddy-agent-1.14.6.jar;C:\Users\Ernest\.m2\repository\org\objenesis\objenesis\3.3\objenesis-3.3.jar;C:\Users\Ernest\Desktop\Maven\Git_Repo\parent-project\util\target\classes;C:\Users\Ernest\Desktop\Maven\Git_Repo\parent-project\model\target\classes;C:\Users\Ernest\.m2\repository\commons-io\commons-io\2.13.0\commons-io-2.13.0.jar;"/>
    <property name="java.vm.vendor" value="Oracle Corporation"/>
    <property name="sun.arch.data.model" value="64"/>
    <property name="user.variant" value=""/>
    <property name="java.vendor.url" value="https://java.oracle.com/"/>
    <property name="user.timezone" value="Asia/Singapore"/>
    <property name="os.name" value="Windows 10"/>
    <property name="java.vm.specification.version" value="20"/>
    <property name="sun.java.launcher" value="SUN_STANDARD"/>
    <property name="user.country" value="US"/>
    <property name="sun.boot.library.path" value="C:\Program Files\Java\jdk-20\bin"/>
    <property name="sun.java.command" value="C:\Users\Ernest\AppData\Local\Temp\surefire4225532493524719522\surefirebooter-20230925105351661_3.jar C:\Users\Ernest\AppData\Local\Temp\surefire4225532493524719522 2023-09-25T10-53-50_035-jvmRun1 surefire-20230925105351661_1tmp surefire_0-20230925105351661_2tmp"/>
    <property name="jdk.debug" value="release"/>
    <property name="surefire.test.class.path" value="C:\Users\Ernest\Desktop\Maven\Git_Repo\parent-project\service\target\test-classes;C:\Users\Ernest\Desktop\Maven\Git_Repo\parent-project\service\target\classes;C:\Users\Ernest\.m2\repository\org\junit\jupiter\junit-jupiter-api\5.10.0\junit-jupiter-api-5.10.0.jar;C:\Users\Ernest\.m2\repository\org\opentest4j\opentest4j\1.3.0\opentest4j-1.3.0.jar;C:\Users\Ernest\.m2\repository\org\junit\platform\junit-platform-commons\1.10.0\junit-platform-commons-1.10.0.jar;C:\Users\Ernest\.m2\repository\org\apiguardian\apiguardian-api\1.1.2\apiguardian-api-1.1.2.jar;C:\Users\Ernest\.m2\repository\org\mockito\mockito-core\5.5.0\mockito-core-5.5.0.jar;C:\Users\Ernest\.m2\repository\net\bytebuddy\byte-buddy\1.14.6\byte-buddy-1.14.6.jar;C:\Users\Ernest\.m2\repository\net\bytebuddy\byte-buddy-agent\1.14.6\byte-buddy-agent-1.14.6.jar;C:\Users\Ernest\.m2\repository\org\objenesis\objenesis\3.3\objenesis-3.3.jar;C:\Users\Ernest\Desktop\Maven\Git_Repo\parent-project\util\target\classes;C:\Users\Ernest\Desktop\Maven\Git_Repo\parent-project\model\target\classes;C:\Users\Ernest\.m2\repository\commons-io\commons-io\2.13.0\commons-io-2.13.0.jar;"/>
    <property name="sun.cpu.endian" value="little"/>
    <property name="user.home" value="C:\Users\Ernest"/>
    <property name="user.language" value="en"/>
    <property name="java.specification.vendor" value="Oracle Corporation"/>
    <property name="java.version.date" value="2023-07-18"/>
    <property name="java.home" value="C:\Program Files\Java\jdk-20"/>
    <property name="file.separator" value="\"/>
    <property name="basedir" value="C:\Users\Ernest\Desktop\Maven\Git_Repo\parent-project\service"/>
    <property name="java.vm.compressedOopsMode" value="32-bit"/>
    <property name="line.separator" value="&#10;"/>
    <property name="java.vm.specification.vendor" value="Oracle Corporation"/>
    <property name="java.specification.name" value="Java Platform API Specification"/>
    <property name="surefire.real.class.path" value="C:\Users\Ernest\AppData\Local\Temp\surefire4225532493524719522\surefirebooter-20230925105351661_3.jar"/>
    <property name="user.script" value=""/>
    <property name="sun.management.compiler" value="HotSpot 64-Bit Tiered Compilers"/>
    <property name="java.runtime.version" value="20.0.2+9-78"/>
    <property name="user.name" value="Ernest"/>
    <property name="stdout.encoding" value="Cp1252"/>
    <property name="path.separator" value=";"/>
    <property name="os.version" value="10.0"/>
    <property name="java.runtime.name" value="Java(TM) SE Runtime Environment"/>
    <property name="file.encoding" value="UTF-8"/>
    <property name="java.vm.name" value="Java HotSpot(TM) 64-Bit Server VM"/>
    <property name="localRepository" value="C:\Users\Ernest\.m2\repository"/>
    <property name="java.vendor.url.bug" value="https://bugreport.java.com/bugreport/"/>
    <property name="java.io.tmpdir" value="C:\Users\Ernest\AppData\Local\Temp\"/>
    <property name="java.version" value="20.0.2"/>
    <property name="user.dir" value="C:\Users\Ernest\Desktop\Maven\Git_Repo\parent-project\service"/>
    <property name="os.arch" value="amd64"/>
    <property name="java.vm.specification.name" value="Java Virtual Machine Specification"/>
    <property name="sun.os.patch.level" value=""/>
    <property name="native.encoding" value="Cp1252"/>
    <property name="java.library.path" value="C:\Program Files\Java\jdk-20\bin;C:\WINDOWS\Sun\Java\bin;C:\WINDOWS\system32;C:\WINDOWS;C:\Program Files\Common Files\Oracle\Java\javapath;C:\Program Files (x86)\Common Files\Oracle\Java\javapath;C:\WINDOWS\system32;C:\WINDOWS;C:\WINDOWS\System32\Wbem;C:\WINDOWS\System32\WindowsPowerShell\v1.0\;C:\WINDOWS\System32\OpenSSH\;C:\ProgramData\chocolatey\bin;C:\Program Files\Java\jdk-20\bin;C:\Program Files\Java\jre-1.8\bin;C:\Program Files\Apache Software Foundation\apache-maven-3.9.4\bin;C:\Program Files\Git\cmd;C:\Users\Ernest\AppData\Local\Microsoft\WindowsApps;;."/>
    <property name="java.vm.info" value="mixed mode, sharing"/>
    <property name="stderr.encoding" value="Cp1252"/>
    <property name="java.vendor" value="Oracle Corporation"/>
    <property name="java.vm.version" value="20.0.2+9-78"/>
    <property name="sun.io.unicode.encoding" value="UnicodeLittle"/>
    <property name="java.class.version" value="64.0"/>
  </properties>
  <testcase name="searchKeyInstancesMultiCharStart" classname="com.company.CustomTableServiceTest" time="3.19"/>
  <testcase name="searchValueInstancesMultiCharStart" classname="com.company.CustomTableServiceTest" time="0.009"/>
  <testcase name="searchKeyInstancesMultiCharMiddle" classname="com.company.CustomTableServiceTest" time="0.011"/>
  <testcase name="searchValueInstancesMultiCharMiddle" classname="com.company.CustomTableServiceTest" time="0.006"/>
  <testcase name="searchKeyInstancesSingleCharMiddle" classname="com.company.CustomTableServiceTest" time="0.012"/>
  <testcase name="searchValueInstancesSingleCharEnd" classname="com.company.CustomTableServiceTest" time="0.004"/>
  <testcase name="sortRowTest" classname="com.company.CustomTableServiceTest" time="0.017">
    <system-out><![CDATA[
Keys: [UrlF,D, g"3I@, qwe456]
Unsorted Key+Value: [UrlF,D+TWCRe, g"3I@h>Vxv, qwe456654ewq]
Sorted Key+Value: [UrlF,D+TWCRe, g"3I@h>Vxv, qwe456654ewq]
Sorted Keys: [UrlF,D, g"3I@, qwe456]
]]></system-out>
  </testcase>
  <testcase name="getDataByKeyFirst" classname="com.company.CustomTableServiceTest" time="0.015"/>
  <testcase name="changeKeyShouldReturnSameData" classname="com.company.CustomTableServiceTest" time="0.019"/>
  <testcase name="getRowCountTest" classname="com.company.CustomTableServiceTest" time="0.001"/>
  <testcase name="searchKeyInstancesShouldReturnZero" classname="com.company.CustomTableServiceTest" time="0.003"/>
  <testcase name="getCoordByKeyFirst" classname="com.company.CustomTableServiceTest" time="0.015"/>
  <testcase name="searchValueInstancesTwoCharMiddle" classname="com.company.CustomTableServiceTest" time="0.005"/>
  <testcase name="sortRowTestIndexOutOfBounds" classname="com.company.CustomTableServiceTest" time="0.045"/>
  <testcase name="getCoordByKeyMiddle" classname="com.company.CustomTableServiceTest" time="0.006"/>
  <testcase name="searchKeyInstancesSingleCharEnd" classname="com.company.CustomTableServiceTest" time="0.005"/>
  <testcase name="searchKeyInstancesSingleCharStart" classname="com.company.CustomTableServiceTest" time="0.004"/>
  <testcase name="searchValueInstancesSingleCharStart" classname="com.company.CustomTableServiceTest" time="0.004"/>
  <testcase name="searchKeyInstancesSingleCharMultiKeys" classname="com.company.CustomTableServiceTest" time="0.019"/>
  <testcase name="searchValueInstancesSingleCharMultiKeys" classname="com.company.CustomTableServiceTest" time="0.008"/>
  <testcase name="searchValueInstancesTwoCharEnd" classname="com.company.CustomTableServiceTest" time="0.007"/>
  <testcase name="getDataByCoordLast" classname="com.company.CustomTableServiceTest" time="0.015"/>
  <testcase name="searchKeyInstancesTwoCharMiddle" classname="com.company.CustomTableServiceTest" time="0.009"/>
  <testcase name="searchKeyInstancesTwoCharStart" classname="com.company.CustomTableServiceTest" time="0.011"/>
  <testcase name="searchValueInstancesTwoCharStart" classname="com.company.CustomTableServiceTest" time="0.004"/>
  <testcase name="searchValueInstancesSingleCharMiddle" classname="com.company.CustomTableServiceTest" time="0.006"/>
  <testcase name="saveTableTest" classname="com.company.CustomTableServiceTest" time="0.152"/>
  <testcase name="insertRowTest" classname="com.company.CustomTableServiceTest" time="0.01"/>
  <testcase name="changeKeyShouldReturnKeyAlreadyExistException" classname="com.company.CustomTableServiceTest" time="0.007"/>
  <testcase name="getCoordByKeyLast" classname="com.company.CustomTableServiceTest" time="0.004"/>
  <testcase name="searchKeyInstancesTwoCharEnd" classname="com.company.CustomTableServiceTest" time="0.004"/>
  <testcase name="searchKeyInstancesMultiCharEnd" classname="com.company.CustomTableServiceTest" time="0.006"/>
  <testcase name="searchValueInstancesMultiCharEnd" classname="com.company.CustomTableServiceTest" time="0.007"/>
  <testcase name="getDataByCoordMiddle" classname="com.company.CustomTableServiceTest" time="0.003"/>
  <testcase name="getDataByKeyLast" classname="com.company.CustomTableServiceTest" time="0.004"/>
  <testcase name="getDataByKeyMiddle" classname="com.company.CustomTableServiceTest" time="0.004"/>
  <testcase name="getDataByCoordFirst" classname="com.company.CustomTableServiceTest" time="0.005"/>
  <testcase name="searchValueInstancesNoMatch" classname="com.company.CustomTableServiceTest" time="0.003"/>
</testsuite>